Base path: 'C:/Program Files/Unity/2019.4.21f1/Editor/Data', plugins path 'C:/Program Files/Unity/2019.4.21f1/Editor/Data/PlaybackEngines'
Cmd: initializeCompiler
Cmd: compileComputeKernel
  api=4 insize=12109 outsize=1027 ok=1
Cmd: compileComputeKernel
  api=4 insize=11985 outsize=1469 ok=1
Cmd: compileComputeKernel
  api=4 insize=11985 outsize=1495 ok=1
Cmd: compileComputeKernel
  api=4 insize=18301 outsize=3139 ok=1
Cmd: compileComputeKernel
  api=4 insize=66874 outsize=2795 ok=1
Cmd: compileComputeKernel
  api=4 insize=66874 outsize=1689 ok=1
Cmd: compileComputeKernel
  api=4 insize=66874 outsize=1597 ok=1
Cmd: compileComputeKernel
  api=4 insize=66874 outsize=1287 ok=1
Cmd: compileComputeKernel
  api=4 insize=66874 outsize=1631 ok=1
Cmd: compileComputeKernel
  api=4 insize=66874 outsize=1861 ok=1
Cmd: compileComputeKernel
  api=4 insize=66874 outsize=1819 ok=1
Cmd: compileComputeKernel
  api=4 insize=66874 outsize=1974 ok=1
Cmd: compileComputeKernel
  api=4 insize=66874 outsize=1997 ok=1
Cmd: compileComputeKernel
  api=4 insize=66874 outsize=1342 ok=1
Cmd: compileComputeKernel
  api=4 insize=66874 outsize=1427 ok=1
Cmd: compileComputeKernel
  api=4 insize=72903 outsize=7888 ok=1
Cmd: compileComputeKernel
  api=4 insize=34089 outsize=677 ok=1
Cmd: compileComputeKernel
  api=4 insize=34089 outsize=695 ok=1
Cmd: compileComputeKernel
  api=4 insize=34089 outsize=848 ok=1
Cmd: compileComputeKernel
  api=4 insize=34089 outsize=622 ok=1
Cmd: compileComputeKernel
  api=4 insize=34089 outsize=1292 ok=1
Cmd: compileComputeKernel
  api=4 insize=34089 outsize=1497 ok=1
Cmd: compileComputeKernel
  api=4 insize=34089 outsize=1442 ok=1
Cmd: compileComputeKernel
  api=4 insize=34089 outsize=1248 ok=1
Cmd: compileComputeKernel
  api=4 insize=34089 outsize=1387 ok=1
Cmd: compileComputeKernel
  api=4 insize=79248 outsize=14204 ok=1
Cmd: compileComputeKernel
  api=4 insize=4442 outsize=1449 ok=1
Cmd: compileSnippet
  api=4 type=0 insize=1602 outsize=2002 kw=UNITY_PASS_FORWARDBASE DIRECTIONAL SHADOWS_SCREEN LIGHTPROBE_SH pd=UNITY_ENABLE_REFLECTION_BUFFERS UNITY_USE_DITHER_MASK_FOR_ALPHABLENDED_SHADOWS UNITY_PBS_USE_BRDF1 UNITY_SPECCUBE_BOX_PROJECTION UNITY_SPECCUBE_BLENDING UNITY_ENABLE_DETAIL_NORMALMAP SHADER_API_DESKTOP UNITY_COLORSPACE_GAMMA UNITY_LIGHT_PROBE_PROXY_VOLUME UNITY_LIGHTMAP_FULL_HDR ok=1
Cmd: initializeCompiler
Cmd: compileComputeKernel
  api=4 insize=958 outsize=1616 ok=1
Cmd: compileComputeKernel
  api=4 insize=759 outsize=848 ok=1
Cmd: compileComputeKernel
  api=4 insize=759 outsize=1134 ok=1
Cmd: compileComputeKernel
  api=4 insize=3405 outsize=35766 ok=1
Cmd: compileComputeKernel
  api=4 insize=12919 outsize=1840 ok=1
Cmd: compileComputeKernel
  api=4 insize=12919 outsize=1364 ok=1
Cmd: compileComputeKernel
  api=4 insize=80321 outsize=3099 ok=1
Cmd: compileComputeKernel
  api=4 insize=80321 outsize=1489 ok=1
Cmd: compileComputeKernel
  api=4 insize=80321 outsize=1495 ok=1
Cmd: compileComputeKernel
  api=4 insize=80321 outsize=3412 ok=1
Cmd: compileComputeKernel
  api=4 insize=80321 outsize=3398 ok=1
Cmd: compileComputeKernel
  api=4 insize=80321 outsize=3485 ok=1
Cmd: compileComputeKernel
  api=4 insize=80321 outsize=3475 ok=1
Cmd: compileComputeKernel
  api=4 insize=80321 outsize=5039 ok=1
Cmd: compileComputeKernel
  api=4 insize=80321 outsize=5217 ok=1
Cmd: compileComputeKernel
  api=4 insize=80321 outsize=3429 ok=1
Cmd: compileComputeKernel
  api=4 insize=80321 outsize=1449 ok=1
Cmd: compileComputeKernel
  api=4 insize=80321 outsize=923 ok=1
Cmd: compileComputeKernel
  api=4 insize=80321 outsize=3638 ok=1
Cmd: compileComputeKernel
  api=4 insize=4231 outsize=3004 ok=1
Cmd: compileComputeKernel
  api=4 insize=467 outsize=3147 ok=1
Cmd: compileComputeKernel
  api=4 insize=958 outsize=1499 ok=1
Cmd: compileComputeKernel
  api=4 insize=776 outsize=6364 ok=1
Cmd: compileComputeKernel
  api=4 insize=10470 outsize=772 ok=1
Cmd: compileComputeKernel
  api=4 insize=10470 outsize=716 ok=1
Cmd: compileComputeKernel
  api=4 insize=10470 outsize=1310 ok=1
Cmd: compileComputeKernel
  api=4 insize=10470 outsize=772 ok=1
Cmd: compileComputeKernel
  api=4 insize=10470 outsize=1796 ok=1
Cmd: compileComputeKernel
  api=4 insize=10470 outsize=1392 ok=1
Cmd: compileComputeKernel
  api=4 insize=10470 outsize=1369 ok=1
Cmd: compileComputeKernel
  api=4 insize=10470 outsize=1573 ok=1
Cmd: compileComputeKernel
  api=4 insize=10470 outsize=1828 ok=1
Cmd: compileComputeKernel
  api=4 insize=10470 outsize=1317 ok=1
