Base path: 'C:/Program Files/Unity/2019.4.21f1/Editor/Data', plugins path 'C:/Program Files/Unity/2019.4.21f1/Editor/Data/PlaybackEngines'
Cmd: initializeCompiler
Cmd: initializeCompiler
Cmd: preprocessCompute
  insize=12065 outsize=12109 ok=1
Cmd: compileComputeKernel
  api=4 insize=12109 outsize=1579 ok=1
Cmd: compileComputeKernel
  api=4 insize=12109 outsize=2479 ok=1
Cmd: compileComputeKernel
  api=4 insize=12109 outsize=2218 ok=1
Cmd: compileComputeKernel
  api=4 insize=12109 outsize=2218 ok=1
Cmd: compileComputeKernel
  api=4 insize=12109 outsize=1580 ok=1
Cmd: preprocessCompute
  insize=11921 outsize=11985 ok=1
Cmd: compileComputeKernel
  api=4 insize=11985 outsize=1465 ok=1
Cmd: compileComputeKernel
  api=4 insize=11985 outsize=1502 ok=1
Cmd: preprocessCompute
  insize=18269 outsize=18301 ok=1
Cmd: compileComputeKernel
  api=4 insize=18301 outsize=5585 ok=1
Cmd: preprocessCompute
  insize=66564 outsize=66874 ok=1
Cmd: compileComputeKernel
  api=4 insize=66874 outsize=2631 ok=1
Cmd: compileComputeKernel
  api=4 insize=66874 outsize=1489 ok=1
Cmd: compileComputeKernel
  api=4 insize=66874 outsize=1335 ok=1
Cmd: compileComputeKernel
  api=4 insize=66874 outsize=1610 ok=1
Cmd: compileComputeKernel
  api=4 insize=66874 outsize=1310 ok=1
Cmd: compileComputeKernel
  api=4 insize=66874 outsize=1465 ok=1
Cmd: compileComputeKernel
  api=4 insize=66874 outsize=1284 ok=1
Cmd: compileComputeKernel
  api=4 insize=66874 outsize=1819 ok=1
Cmd: compileComputeKernel
  api=4 insize=66874 outsize=1848 ok=1
Cmd: compileComputeKernel
  api=4 insize=66874 outsize=1326 ok=1
Cmd: compileComputeKernel
  api=4 insize=66874 outsize=3368 ok=1
Cmd: compileComputeKernel
  api=4 insize=66874 outsize=2483 ok=1
Cmd: preprocessCompute
  insize=72887 outsize=72903 ok=1
Cmd: compileComputeKernel
  api=4 insize=72903 outsize=6467 ok=1
Cmd: preprocessCompute
  insize=33853 outsize=34089 ok=1
Cmd: compileComputeKernel
  api=4 insize=34089 outsize=628 ok=1
Cmd: compileComputeKernel
  api=4 insize=34089 outsize=759 ok=1
Cmd: compileComputeKernel
  api=4 insize=34089 outsize=950 ok=1
Cmd: compileComputeKernel
  api=4 insize=34089 outsize=811 ok=1
Cmd: compileComputeKernel
  api=4 insize=34089 outsize=1861 ok=1
Cmd: compileComputeKernel
  api=4 insize=34089 outsize=1363 ok=1
Cmd: compileComputeKernel
  api=4 insize=34089 outsize=1248 ok=1
Cmd: compileComputeKernel
  api=4 insize=34089 outsize=1346 ok=1
Cmd: preprocessCompute
  insize=79184 outsize=79248 ok=1
Cmd: compileComputeKernel
  api=4 insize=79248 outsize=22142 ok=1
Cmd: preprocessCompute
  insize=4426 outsize=4442 ok=1
Cmd: compileComputeKernel
  api=4 insize=4442 outsize=1750 ok=1
Cmd: preprocessCompute
  insize=1896 outsize=1900 ok=1
Cmd: compileComputeKernel
  api=4 insize=1900 outsize=3122 ok=1
Cmd: compileSnippet
  api=4 type=0 insize=1602 outsize=1894 kw=UNITY_PASS_FORWARDBASE DIRECTIONAL LIGHTPROBE_SH pd=UNITY_ENABLE_REFLECTION_BUFFERS UNITY_USE_DITHER_MASK_FOR_ALPHABLENDED_SHADOWS UNITY_PBS_USE_BRDF1 UNITY_SPECCUBE_BOX_PROJECTION UNITY_SPECCUBE_BLENDING UNITY_ENABLE_DETAIL_NORMALMAP SHADER_API_DESKTOP UNITY_COLORSPACE_GAMMA UNITY_LIGHT_PROBE_PROXY_VOLUME UNITY_LIGHTMAP_FULL_HDR ok=1
Cmd: compileSnippet
  api=4 type=1 insize=1602 outsize=6814 kw=UNITY_PASS_FORWARDBASE DIRECTIONAL LIGHTPROBE_SH pd=UNITY_ENABLE_REFLECTION_BUFFERS UNITY_USE_DITHER_MASK_FOR_ALPHABLENDED_SHADOWS UNITY_PBS_USE_BRDF1 UNITY_SPECCUBE_BOX_PROJECTION UNITY_SPECCUBE_BLENDING UNITY_ENABLE_DETAIL_NORMALMAP SHADER_API_DESKTOP UNITY_COLORSPACE_GAMMA UNITY_LIGHT_PROBE_PROXY_VOLUME UNITY_LIGHTMAP_FULL_HDR ok=1
Cmd: compileSnippet
  api=4 type=0 insize=1460 outsize=1690 kw=UNITY_PASS_FORWARDADD DIRECTIONAL pd=UNITY_ENABLE_REFLECTION_BUFFERS UNITY_USE_DITHER_MASK_FOR_ALPHABLENDED_SHADOWS UNITY_PBS_USE_BRDF1 UNITY_SPECCUBE_BOX_PROJECTION UNITY_SPECCUBE_BLENDING UNITY_ENABLE_DETAIL_NORMALMAP SHADER_API_DESKTOP UNITY_COLORSPACE_GAMMA UNITY_LIGHT_PROBE_PROXY_VOLUME UNITY_LIGHTMAP_FULL_HDR ok=1
Cmd: compileSnippet
  api=4 type=1 insize=1460 outsize=3378 kw=UNITY_PASS_FORWARDADD DIRECTIONAL pd=UNITY_ENABLE_REFLECTION_BUFFERS UNITY_USE_DITHER_MASK_FOR_ALPHABLENDED_SHADOWS UNITY_PBS_USE_BRDF1 UNITY_SPECCUBE_BOX_PROJECTION UNITY_SPECCUBE_BLENDING UNITY_ENABLE_DETAIL_NORMALMAP SHADER_API_DESKTOP UNITY_COLORSPACE_GAMMA UNITY_LIGHT_PROBE_PROXY_VOLUME UNITY_LIGHTMAP_FULL_HDR ok=1
Cmd: initializeCompiler
Cmd: preprocessCompute
  insize=763 outsize=775 ok=1
Cmd: compileComputeKernel
  api=4 insize=775 outsize=14204 ok=1
Cmd: preprocessCompute
  insize=924 outsize=958 ok=1
Cmd: compileComputeKernel
  api=4 insize=958 outsize=1611 ok=1
Cmd: preprocessCompute
  insize=210 outsize=222 ok=1
Cmd: compileComputeKernel
  api=4 insize=222 outsize=628 ok=1
Cmd: preprocessCompute
  insize=713 outsize=759 ok=1
Cmd: compileComputeKernel
  api=4 insize=759 outsize=759 ok=1
Cmd: compileComputeKernel
  api=4 insize=759 outsize=805 ok=1
Cmd: preprocessCompute
  insize=3365 outsize=3405 ok=1
Cmd: compileComputeKernel
  api=4 insize=3405 outsize=3725 ok=1
Cmd: preprocessCompute
  insize=12873 outsize=12919 ok=1
Cmd: compileComputeKernel
  api=4 insize=12919 outsize=1198 ok=1
Cmd: compileComputeKernel
  api=4 insize=12919 outsize=2218 ok=1
Cmd: preprocessCompute
  insize=79931 outsize=80321 ok=1
Cmd: compileComputeKernel
  api=4 insize=80321 outsize=1579 ok=1
Cmd: compileComputeKernel
  api=4 insize=80321 outsize=5708 ok=1
Cmd: compileComputeKernel
  api=4 insize=80321 outsize=1647 ok=1
Cmd: compileComputeKernel
  api=4 insize=80321 outsize=3375 ok=1
Cmd: compileComputeKernel
  api=4 insize=80321 outsize=1843 ok=1
Cmd: compileComputeKernel
  api=4 insize=80321 outsize=3471 ok=1
Cmd: compileComputeKernel
  api=4 insize=80321 outsize=3865 ok=1
Cmd: compileComputeKernel
  api=4 insize=80321 outsize=3375 ok=1
Cmd: compileComputeKernel
  api=4 insize=80321 outsize=1364 ok=1
Cmd: compileComputeKernel
  api=4 insize=80321 outsize=5043 ok=1
Cmd: compileComputeKernel
  api=4 insize=80321 outsize=5068 ok=1
Cmd: compileComputeKernel
  api=4 insize=80321 outsize=6504 ok=1
Cmd: compileComputeKernel
  api=4 insize=80321 outsize=1590 ok=1
Cmd: compileComputeKernel
  api=4 insize=80321 outsize=1680 ok=1
Cmd: compileComputeKernel
  api=4 insize=80321 outsize=2266 ok=1
Cmd: preprocessCompute
  insize=451 outsize=467 ok=1
Cmd: compileComputeKernel
  api=4 insize=467 outsize=3159 ok=1
Cmd: preprocessCompute
  insize=4675 outsize=4703 ok=1
Cmd: compileComputeKernel
  api=4 insize=4703 outsize=3574 ok=1
Cmd: preprocessCompute
  insize=4219 outsize=4231 ok=1
Cmd: compileComputeKernel
  api=4 insize=4231 outsize=3544 ok=1
Cmd: preprocessCompute
  insize=75183 outsize=75201 ok=1
Cmd: compileComputeKernel
  api=4 insize=75201 outsize=5651 ok=1
Cmd: preprocessCompute
  insize=451 outsize=467 ok=1
Cmd: compileComputeKernel
  api=4 insize=467 outsize=5445 ok=1
Cmd: preprocessCompute
  insize=13347 outsize=13363 ok=1
Cmd: compileComputeKernel
  api=4 insize=13363 outsize=11279 ok=1
Cmd: preprocessCompute
  insize=924 outsize=958 ok=1
Cmd: compileComputeKernel
  api=4 insize=958 outsize=1611 ok=1
Cmd: preprocessCompute
  insize=764 outsize=776 ok=1
Cmd: compileComputeKernel
  api=4 insize=776 outsize=10704 ok=1
Cmd: preprocessCompute
  insize=10124 outsize=10470 ok=1
Cmd: compileComputeKernel
  api=4 insize=10470 outsize=1032 ok=1
Cmd: compileComputeKernel
  api=4 insize=10470 outsize=796 ok=1
Cmd: compileComputeKernel
  api=4 insize=10470 outsize=882 ok=1
Cmd: compileComputeKernel
  api=4 insize=10470 outsize=855 ok=1
Cmd: compileComputeKernel
  api=4 insize=10470 outsize=1292 ok=1
Cmd: compileComputeKernel
  api=4 insize=10470 outsize=1369 ok=1
Cmd: compileComputeKernel
  api=4 insize=10470 outsize=1359 ok=1
Cmd: compileComputeKernel
  api=4 insize=10470 outsize=1248 ok=1
Cmd: compileComputeKernel
  api=4 insize=10470 outsize=1843 ok=1
Cmd: compileComputeKernel
  api=4 insize=10470 outsize=1565 ok=1
Cmd: compileComputeKernel
  api=4 insize=10470 outsize=1256 ok=1
Cmd: preprocessCompute
  insize=4426 outsize=4442 ok=1
Cmd: compileComputeKernel
  api=4 insize=4442 outsize=1750 ok=1
Cmd: preprocessCompute
  insize=1896 outsize=1900 ok=1
Cmd: compileComputeKernel
  api=4 insize=1900 outsize=3122 ok=1
Cmd: compileSnippet
  api=4 type=0 insize=11846 outsize=1258 kw=SHADOWS_SPLIT_SPHERES SHADOWS_SINGLE_CASCADE pd=UNITY_ENABLE_REFLECTION_BUFFERS UNITY_USE_DITHER_MASK_FOR_ALPHABLENDED_SHADOWS UNITY_PBS_USE_BRDF1 UNITY_SPECCUBE_BOX_PROJECTION UNITY_SPECCUBE_BLENDING UNITY_ENABLE_DETAIL_NORMALMAP SHADER_API_DESKTOP UNITY_COLORSPACE_GAMMA UNITY_LIGHT_PROBE_PROXY_VOLUME UNITY_LIGHTMAP_FULL_HDR ok=1
Cmd: compileSnippet
  api=4 type=1 insize=11846 outsize=4538 kw=SHADOWS_SPLIT_SPHERES SHADOWS_SINGLE_CASCADE pd=UNITY_ENABLE_REFLECTION_BUFFERS UNITY_USE_DITHER_MASK_FOR_ALPHABLENDED_SHADOWS UNITY_PBS_USE_BRDF1 UNITY_SPECCUBE_BOX_PROJECTION UNITY_SPECCUBE_BLENDING UNITY_ENABLE_DETAIL_NORMALMAP SHADER_API_DESKTOP UNITY_COLORSPACE_GAMMA UNITY_LIGHT_PROBE_PROXY_VOLUME UNITY_LIGHTMAP_FULL_HDR ok=1
