Base path: 'C:/Program Files/Unity/2019.4.21f1/Editor/Data', plugins path 'C:/Program Files/Unity/2019.4.21f1/Editor/Data/PlaybackEngines'
Cmd: initializeCompiler
Cmd: compileComputeKernel
  api=4 insize=12109 outsize=1499 ok=1
Cmd: compileComputeKernel
  api=4 insize=11985 outsize=1465 ok=1
Cmd: compileComputeKernel
  api=4 insize=11985 outsize=1497 ok=1
Cmd: compileComputeKernel
  api=4 insize=11985 outsize=1616 ok=1
Cmd: compileComputeKernel
  api=4 insize=18301 outsize=2213 ok=1
Cmd: compileComputeKernel
  api=4 insize=66874 outsize=3099 ok=1
Cmd: compileComputeKernel
  api=4 insize=66874 outsize=1647 ok=1
Cmd: compileComputeKernel
  api=4 insize=66874 outsize=1285 ok=1
Cmd: compileComputeKernel
  api=4 insize=66874 outsize=1383 ok=1
Cmd: compileComputeKernel
  api=4 insize=66874 outsize=1311 ok=1
Cmd: compileComputeKernel
  api=4 insize=66874 outsize=1819 ok=1
Cmd: compileComputeKernel
  api=4 insize=66874 outsize=1856 ok=1
Cmd: compileComputeKernel
  api=4 insize=66874 outsize=1341 ok=1
Cmd: compileComputeKernel
  api=4 insize=66874 outsize=1590 ok=1
Cmd: compileComputeKernel
  api=4 insize=66874 outsize=921 ok=1
Cmd: compileComputeKernel
  api=4 insize=72903 outsize=7768 ok=1
Cmd: compileComputeKernel
  api=4 insize=34089 outsize=629 ok=1
Cmd: compileComputeKernel
  api=4 insize=34089 outsize=1032 ok=1
Cmd: compileComputeKernel
  api=4 insize=34089 outsize=805 ok=1
Cmd: compileComputeKernel
  api=4 insize=34089 outsize=716 ok=1
Cmd: compileComputeKernel
  api=4 insize=34089 outsize=1321 ok=1
Cmd: compileComputeKernel
  api=4 insize=34089 outsize=1346 ok=1
Cmd: compileComputeKernel
  api=4 insize=34089 outsize=1336 ok=1
Cmd: compileComputeKernel
  api=4 insize=34089 outsize=1221 ok=1
Cmd: compileComputeKernel
  api=4 insize=79248 outsize=24349 ok=1
Cmd: compileSnippet
  api=4 type=0 insize=1302 outsize=1414 kw=UNITY_PASS_SHADOWCASTER SHADOWS_DEPTH pd=UNITY_ENABLE_REFLECTION_BUFFERS UNITY_USE_DITHER_MASK_FOR_ALPHABLENDED_SHADOWS UNITY_PBS_USE_BRDF1 UNITY_SPECCUBE_BOX_PROJECTION UNITY_SPECCUBE_BLENDING UNITY_ENABLE_DETAIL_NORMALMAP SHADER_API_DESKTOP UNITY_COLORSPACE_GAMMA UNITY_LIGHT_PROBE_PROXY_VOLUME UNITY_LIGHTMAP_FULL_HDR ok=1
Cmd: initializeCompiler
Cmd: compileComputeKernel
  api=4 insize=775 outsize=4420 ok=1
Cmd: compileComputeKernel
  api=4 insize=958 outsize=1465 ok=1
Cmd: compileComputeKernel
  api=4 insize=958 outsize=1765 ok=1
Cmd: compileComputeKernel
  api=4 insize=759 outsize=791 ok=1
Cmd: compileComputeKernel
  api=4 insize=759 outsize=872 ok=1
Cmd: compileComputeKernel
  api=4 insize=3405 outsize=22181 ok=1
Cmd: compileComputeKernel
  api=4 insize=12919 outsize=1848 ok=1
Cmd: compileComputeKernel
  api=4 insize=12919 outsize=1364 ok=1
Cmd: compileComputeKernel
  api=4 insize=80321 outsize=2795 ok=1
Cmd: compileComputeKernel
  api=4 insize=80321 outsize=3372 ok=1
Cmd: compileComputeKernel
  api=4 insize=80321 outsize=3409 ok=1
Cmd: compileComputeKernel
  api=4 insize=80321 outsize=3399 ok=1
Cmd: compileComputeKernel
  api=4 insize=80321 outsize=3489 ok=1
Cmd: compileComputeKernel
  api=4 insize=80321 outsize=3576 ok=1
Cmd: compileComputeKernel
  api=4 insize=80321 outsize=5039 ok=1
Cmd: compileComputeKernel
  api=4 insize=80321 outsize=5069 ok=1
Cmd: compileComputeKernel
  api=4 insize=80321 outsize=3574 ok=1
Cmd: compileComputeKernel
  api=4 insize=80321 outsize=1590 ok=1
Cmd: compileComputeKernel
  api=4 insize=80321 outsize=1750 ok=1
Cmd: compileComputeKernel
  api=4 insize=467 outsize=2137 ok=1
Cmd: compileComputeKernel
  api=4 insize=4703 outsize=3429 ok=1
Cmd: compileComputeKernel
  api=4 insize=75201 outsize=5015 ok=1
Cmd: compileComputeKernel
  api=4 insize=13363 outsize=10489 ok=1
Cmd: compileComputeKernel
  api=4 insize=958 outsize=1465 ok=1
Cmd: compileComputeKernel
  api=4 insize=776 outsize=4420 ok=1
Cmd: compileComputeKernel
  api=4 insize=10470 outsize=629 ok=1
Cmd: compileComputeKernel
  api=4 insize=10470 outsize=855 ok=1
Cmd: compileComputeKernel
  api=4 insize=10470 outsize=1018 ok=1
Cmd: compileComputeKernel
  api=4 insize=10470 outsize=1520 ok=1
Cmd: compileComputeKernel
  api=4 insize=10470 outsize=1442 ok=1
Cmd: compileComputeKernel
  api=4 insize=10470 outsize=1311 ok=1
Cmd: compileComputeKernel
  api=4 insize=10470 outsize=1364 ok=1
Cmd: compileComputeKernel
  api=4 insize=10470 outsize=1605 ok=1
Cmd: compileComputeKernel
  api=4 insize=10470 outsize=1287 ok=1
Cmd: compileComputeKernel
  api=4 insize=10470 outsize=1319 ok=1
